-- The C compiler identification is GNU 12.2.0
-- The CXX compiler identification is GNU 12.2.0
-- Detecting C compiler ABI info
-- Detecting C compiler ABI info - done
-- Check for working C compiler: /usr/bin/cc - skipped
-- Detecting C compile features
-- Detecting C compile features - done
-- Detecting CXX compiler ABI info
-- Detecting CXX compiler ABI info - done
-- Check for working CXX compiler: /usr/bin/c++ - skipped
-- Detecting CXX compile features
-- Detecting CXX compile features - done
-- Found Boost: /usr/lib/cmake/Boost-1.84.0/BoostConfig.cmake (found version "1.84.0") found components: headers 
-- Performing Test CMAKE_HAVE_LIBC_PTHREAD
-- Performing Test CMAKE_HAVE_LIBC_PTHREAD - Success
-- Found Threads: TRUE  
-- Found GTest: /usr/local/lib/cmake/GTest/GTestConfig.cmake (found version "1.16.0")  
-- Configuring done
-- Generating done
-- Build files have been written to: /builds/solvers/graph_solvers/fixed_solvers/build
[  0%] Built target fixed_solvers
[ 20%] Building CXX object CMakeFiles/fs_tests.dir/testing/test_main.cpp.o
[ 60%] Building CXX object CMakeFiles/fs_tests.dir/testing/bisection.cpp.o
[ 60%] Building CXX object CMakeFiles/fs_tests.dir/testing/optimizer.cpp.o
[ 80%] Building CXX object CMakeFiles/fs_tests.dir/testing/newton_solver.cpp.o
[100%] Linking CXX executable fs_tests
[100%] Built target fs_tests
-- Install configuration: "Release"
-- Installing: /builds/solvers/graph_solvers/fixed_solvers/Libs/GCC/lib/cmake/fixed_solvers/fixed_solversTargets.cmake
-- Installing: /builds/solvers/graph_solvers/fixed_solvers/Libs/GCC/lib/cmake/fixed_solvers/fixed_solversConfig.cmake
-- Installing: /builds/solvers/graph_solvers/fixed_solvers/Libs/GCC/include/fixed_solvers/fixed/array_ext.h
-- Installing: /builds/solvers/graph_solvers/fixed_solvers/Libs/GCC/include/fixed_solvers/fixed/fixed.h
-- Installing: /builds/solvers/graph_solvers/fixed_solvers/Libs/GCC/include/fixed_solvers/fixed/fixed_bisection.h
-- Installing: /builds/solvers/graph_solvers/fixed_solvers/Libs/GCC/include/fixed_solvers/fixed/fixed_constraints.h
-- Installing: /builds/solvers/graph_solvers/fixed_solvers/Libs/GCC/include/fixed_solvers/fixed/fixed_linear_solver.h
-- Installing: /builds/solvers/graph_solvers/fixed_solvers/Libs/GCC/include/fixed_solvers/fixed/fixed_nonlinear_solver.h
-- Installing: /builds/solvers/graph_solvers/fixed_solvers/Libs/GCC/include/fixed_solvers/fixed/fixed_optimizer.h
-- Installing: /builds/solvers/graph_solvers/fixed_solvers/Libs/GCC/include/fixed_solvers/fixed/fixed_system.h
-- Installing: /builds/solvers/graph_solvers/fixed_solvers/Libs/GCC/include/fixed_solvers/fixed/line_search/divider.h
-- Installing: /builds/solvers/graph_solvers/fixed_solvers/Libs/GCC/include/fixed_solvers/fixed/line_search/golden_section.h
-- Installing: /builds/solvers/graph_solvers/fixed_solvers/Libs/GCC/include/fixed_solvers/fixed/qp/qp_wrapper.h
-- Installing: /builds/solvers/graph_solvers/fixed_solvers/Libs/GCC/include/fixed_solvers/fixed/helpers/math_helpers.h
-- Installing: /builds/solvers/graph_solvers/fixed_solvers/Libs/GCC/include/fixed_solvers/fixed/helpers/string_helpers.h
-- Installing: /builds/solvers/graph_solvers/fixed_solvers/Libs/GCC/include/fixed_solvers/fixed/helpers/ranged_functions.h
-- Installing: /builds/solvers/graph_solvers/fixed_solvers/Libs/GCC/bin/fs_tests
